2023-07-01 20:21:34,764 - INFO - Starting script...
2023-07-01 20:21:36,881 - INFO - Imputing dem_nasa_dem30__elevation...
2023-07-01 20:21:36,925 - INFO - Finished imputing dem_nasa_dem30__elevation.
2023-07-01 20:21:36,925 - INFO - Imputing dem_nasa_dem30__slope...
2023-07-01 20:21:36,968 - INFO - Finished imputing dem_nasa_dem30__slope.
2023-07-01 20:21:36,968 - INFO - Imputing soil_olm_clay__b0...
2023-07-01 20:21:37,010 - INFO - Finished imputing soil_olm_clay__b0.
2023-07-01 20:21:37,011 - INFO - Imputing soil_olm_clay__b10...
2023-07-01 20:21:37,052 - INFO - Finished imputing soil_olm_clay__b10.
2023-07-01 20:21:37,052 - INFO - Imputing soil_olm_clay__b30...
2023-07-01 20:21:37,093 - INFO - Finished imputing soil_olm_clay__b30.
2023-07-01 20:21:37,094 - INFO - Imputing soil_olm_clay__b60...
2023-07-01 20:21:37,135 - INFO - Finished imputing soil_olm_clay__b60.
2023-07-01 20:21:37,136 - INFO - Imputing soil_olm_clay__b100...
2023-07-01 20:21:37,176 - INFO - Finished imputing soil_olm_clay__b100.
2023-07-01 20:21:37,177 - INFO - Imputing soil_olm_bd__b0...
2023-07-01 20:21:37,217 - INFO - Finished imputing soil_olm_bd__b0.
2023-07-01 20:21:37,218 - INFO - Imputing soil_olm_bd__b10...
2023-07-01 20:21:37,258 - INFO - Finished imputing soil_olm_bd__b10.
2023-07-01 20:21:37,258 - INFO - Imputing soil_olm_bd__b30...
2023-07-01 20:21:37,299 - INFO - Finished imputing soil_olm_bd__b30.
2023-07-01 20:21:37,299 - INFO - Imputing soil_olm_bd__b60...
2023-07-01 20:21:37,339 - INFO - Finished imputing soil_olm_bd__b60.
2023-07-01 20:21:37,340 - INFO - Imputing soil_olm_bd__b100...
2023-07-01 20:21:37,380 - INFO - Finished imputing soil_olm_bd__b100.
2023-07-01 20:21:37,380 - INFO - Imputing soil_olm_soc__b0...
2023-07-01 20:21:37,420 - INFO - Finished imputing soil_olm_soc__b0.
2023-07-01 20:21:37,420 - INFO - Imputing soil_olm_soc__b10...
2023-07-01 20:21:37,459 - INFO - Finished imputing soil_olm_soc__b10.
2023-07-01 20:21:37,460 - INFO - Imputing soil_olm_soc__b30...
2023-07-01 20:21:37,499 - INFO - Finished imputing soil_olm_soc__b30.
2023-07-01 20:21:37,500 - INFO - Imputing soil_olm_soc__b60...
2023-07-01 20:21:37,539 - INFO - Finished imputing soil_olm_soc__b60.
2023-07-01 20:21:37,539 - INFO - Imputing soil_olm_soc__b100...
2023-07-01 20:21:37,579 - INFO - Finished imputing soil_olm_soc__b100.
2023-07-01 20:21:37,579 - INFO - Imputing soil_olm_ph__b0...
2023-07-01 20:21:37,617 - INFO - Finished imputing soil_olm_ph__b0.
2023-07-01 20:21:37,618 - INFO - Imputing soil_olm_ph__b10...
2023-07-01 20:21:37,656 - INFO - Finished imputing soil_olm_ph__b10.
2023-07-01 20:21:37,657 - INFO - Imputing soil_olm_ph__b30...
2023-07-01 20:21:37,695 - INFO - Finished imputing soil_olm_ph__b30.
2023-07-01 20:21:37,696 - INFO - Imputing soil_olm_ph__b60...
2023-07-01 20:21:37,734 - INFO - Finished imputing soil_olm_ph__b60.
2023-07-01 20:21:37,735 - INFO - Imputing soil_olm_ph__b100...
2023-07-01 20:21:37,773 - INFO - Finished imputing soil_olm_ph__b100.
2023-07-01 20:21:37,773 - INFO - Imputing soil_olm_sand__b0...
2023-07-01 20:21:37,811 - INFO - Finished imputing soil_olm_sand__b0.
2023-07-01 20:21:37,812 - INFO - Imputing soil_olm_sand__b10...
2023-07-01 20:21:37,850 - INFO - Finished imputing soil_olm_sand__b10.
2023-07-01 20:21:37,851 - INFO - Imputing soil_olm_sand__b30...
2023-07-01 20:21:37,888 - INFO - Finished imputing soil_olm_sand__b30.
2023-07-01 20:21:37,888 - INFO - Imputing soil_olm_sand__b60...
2023-07-01 20:21:37,925 - INFO - Finished imputing soil_olm_sand__b60.
2023-07-01 20:21:37,925 - INFO - Imputing soil_olm_sand__b100...
2023-07-01 20:21:37,962 - INFO - Finished imputing soil_olm_sand__b100.
2023-07-01 20:21:37,963 - INFO - Imputing soil_olm_water_content__b0...
2023-07-01 20:21:37,999 - INFO - Finished imputing soil_olm_water_content__b0.
2023-07-01 20:21:38,000 - INFO - Imputing soil_olm_water_content__b10...
2023-07-01 20:21:38,037 - INFO - Finished imputing soil_olm_water_content__b10.
2023-07-01 20:21:38,038 - INFO - Imputing soil_olm_water_content__b30...
2023-07-01 20:21:38,073 - INFO - Finished imputing soil_olm_water_content__b30.
2023-07-01 20:21:38,074 - INFO - Imputing soil_olm_water_content__b60...
2023-07-01 20:21:38,110 - INFO - Finished imputing soil_olm_water_content__b60.
2023-07-01 20:21:38,110 - INFO - Imputing soil_olm_water_content__b100...
2023-07-01 20:21:38,146 - INFO - Finished imputing soil_olm_water_content__b100.
2023-07-01 20:21:38,147 - INFO - Imputing modis_surftemp_1000__LST_Night_1km__yearly_0_mean__cur...
2023-07-01 20:21:38,181 - INFO - Finished imputing modis_surftemp_1000__LST_Night_1km__yearly_0_mean__cur.
2023-07-01 20:21:38,182 - INFO - Imputing modis_surftemp_1000__LST_Night_1km__yearly_0_mean__prev...
2023-07-01 20:21:38,216 - INFO - Finished imputing modis_surftemp_1000__LST_Night_1km__yearly_0_mean__prev.
2023-07-01 20:21:38,217 - INFO - Imputing modis_surftemp_1000__LST_Night_1km__yearly_0_mean__pprev...
2023-07-01 20:21:38,251 - INFO - Finished imputing modis_surftemp_1000__LST_Night_1km__yearly_0_mean__pprev.
2023-07-01 20:21:38,252 - INFO - Imputing modis_surftemp_1000__LST_Night_1km__yearly_0_mean__ppprev...
2023-07-01 20:21:38,286 - INFO - Finished imputing modis_surftemp_1000__LST_Night_1km__yearly_0_mean__ppprev.
2023-07-01 20:21:38,286 - INFO - Imputing modis_surftemp_1000__LST_Night_1km__yearly_0_mean__pppprev...
2023-07-01 20:21:38,319 - INFO - Finished imputing modis_surftemp_1000__LST_Night_1km__yearly_0_mean__pppprev.
2023-07-01 20:21:38,320 - INFO - Imputing modis_surftemp_1000__LST_Night_1km__yearly_0_mean__ppppprev...
2023-07-01 20:21:38,354 - INFO - Finished imputing modis_surftemp_1000__LST_Night_1km__yearly_0_mean__ppppprev.
2023-07-01 20:21:38,354 - INFO - Imputing modis_surftemp_1000__LST_Day_1km__yearly_0_mean__cur...
2023-07-01 20:21:38,388 - INFO - Finished imputing modis_surftemp_1000__LST_Day_1km__yearly_0_mean__cur.
2023-07-01 20:21:38,388 - INFO - Imputing modis_surftemp_1000__LST_Day_1km__yearly_0_mean__prev...
2023-07-01 20:21:38,422 - INFO - Finished imputing modis_surftemp_1000__LST_Day_1km__yearly_0_mean__prev.
2023-07-01 20:21:38,422 - INFO - Imputing modis_surftemp_1000__LST_Day_1km__yearly_0_mean__pprev...
2023-07-01 20:21:38,454 - INFO - Finished imputing modis_surftemp_1000__LST_Day_1km__yearly_0_mean__pprev.
2023-07-01 20:21:38,455 - INFO - Imputing modis_surftemp_1000__LST_Day_1km__yearly_0_mean__ppprev...
2023-07-01 20:21:38,488 - INFO - Finished imputing modis_surftemp_1000__LST_Day_1km__yearly_0_mean__ppprev.
2023-07-01 20:21:38,489 - INFO - Imputing modis_surftemp_1000__LST_Day_1km__yearly_0_mean__pppprev...
2023-07-01 20:21:38,522 - INFO - Finished imputing modis_surftemp_1000__LST_Day_1km__yearly_0_mean__pppprev.
2023-07-01 20:21:38,523 - INFO - Imputing modis_surftemp_1000__LST_Day_1km__yearly_0_mean__ppppprev...
2023-07-01 20:21:38,556 - INFO - Finished imputing modis_surftemp_1000__LST_Day_1km__yearly_0_mean__ppppprev.
2023-07-01 20:21:38,557 - INFO - Imputing modis_npp_500__Npp__cur...
2023-07-01 20:21:38,589 - INFO - Finished imputing modis_npp_500__Npp__cur.
2023-07-01 20:21:38,590 - INFO - Imputing modis_npp_500__Npp__prev...
2023-07-01 20:21:38,623 - INFO - Finished imputing modis_npp_500__Npp__prev.
2023-07-01 20:21:38,624 - INFO - Imputing modis_npp_500__Npp__pprev...
2023-07-01 20:21:38,655 - INFO - Finished imputing modis_npp_500__Npp__pprev.
2023-07-01 20:21:38,656 - INFO - Imputing modis_npp_500__Npp__ppprev...
2023-07-01 20:21:38,689 - INFO - Finished imputing modis_npp_500__Npp__ppprev.
2023-07-01 20:21:38,690 - INFO - Imputing modis_npp_500__Npp__pppprev...
2023-07-01 20:21:38,723 - INFO - Finished imputing modis_npp_500__Npp__pppprev.
2023-07-01 20:21:38,723 - INFO - Imputing modis_npp_500__Npp__ppppprev...
2023-07-01 20:21:38,755 - INFO - Finished imputing modis_npp_500__Npp__ppppprev.
2023-07-01 20:21:38,755 - INFO - Imputing modis_veg_250__NDVI__yearly_0_mean__cur...
2023-07-01 20:21:38,786 - INFO - Finished imputing modis_veg_250__NDVI__yearly_0_mean__cur.
2023-07-01 20:21:38,787 - INFO - Imputing modis_veg_250__NDVI__yearly_0_mean__prev...
2023-07-01 20:21:38,817 - INFO - Finished imputing modis_veg_250__NDVI__yearly_0_mean__prev.
2023-07-01 20:21:38,818 - INFO - Imputing modis_veg_250__NDVI__yearly_0_mean__pprev...
2023-07-01 20:21:38,848 - INFO - Finished imputing modis_veg_250__NDVI__yearly_0_mean__pprev.
2023-07-01 20:21:38,849 - INFO - Imputing modis_veg_250__NDVI__yearly_0_mean__ppprev...
2023-07-01 20:21:38,880 - INFO - Finished imputing modis_veg_250__NDVI__yearly_0_mean__ppprev.
2023-07-01 20:21:38,881 - INFO - Imputing modis_veg_250__NDVI__yearly_0_mean__pppprev...
2023-07-01 20:21:38,911 - INFO - Finished imputing modis_veg_250__NDVI__yearly_0_mean__pppprev.
2023-07-01 20:21:38,912 - INFO - Imputing modis_veg_250__NDVI__yearly_0_mean__ppppprev...
2023-07-01 20:21:38,942 - INFO - Finished imputing modis_veg_250__NDVI__yearly_0_mean__ppppprev.
2023-07-01 20:21:38,943 - INFO - Imputing ls578_sr__Blue__yearly_0_mean__cur...
2023-07-01 20:21:38,973 - INFO - Finished imputing ls578_sr__Blue__yearly_0_mean__cur.
2023-07-01 20:21:38,973 - INFO - Imputing ls578_sr__Blue__yearly_0_mean__prev...
2023-07-01 20:21:39,004 - INFO - Finished imputing ls578_sr__Blue__yearly_0_mean__prev.
2023-07-01 20:21:39,005 - INFO - Imputing ls578_sr__Blue__yearly_0_mean__pprev...
2023-07-01 20:21:39,034 - INFO - Finished imputing ls578_sr__Blue__yearly_0_mean__pprev.
2023-07-01 20:21:39,034 - INFO - Imputing ls578_sr__Blue__yearly_0_mean__ppprev...
2023-07-01 20:21:39,063 - INFO - Finished imputing ls578_sr__Blue__yearly_0_mean__ppprev.
2023-07-01 20:21:39,064 - INFO - Imputing ls578_sr__Blue__yearly_0_mean__pppprev...
2023-07-01 20:21:39,093 - INFO - Finished imputing ls578_sr__Blue__yearly_0_mean__pppprev.
2023-07-01 20:21:39,093 - INFO - Imputing ls578_sr__Blue__yearly_0_mean__ppppprev...
2023-07-01 20:21:39,121 - INFO - Finished imputing ls578_sr__Blue__yearly_0_mean__ppppprev.
2023-07-01 20:21:39,122 - INFO - Imputing ls578_sr__Green__yearly_0_mean__cur...
2023-07-01 20:21:39,150 - INFO - Finished imputing ls578_sr__Green__yearly_0_mean__cur.
2023-07-01 20:21:39,151 - INFO - Imputing ls578_sr__Green__yearly_0_mean__prev...
2023-07-01 20:21:39,179 - INFO - Finished imputing ls578_sr__Green__yearly_0_mean__prev.
2023-07-01 20:21:39,180 - INFO - Imputing ls578_sr__Green__yearly_0_mean__pprev...
2023-07-01 20:21:39,208 - INFO - Finished imputing ls578_sr__Green__yearly_0_mean__pprev.
2023-07-01 20:21:39,208 - INFO - Imputing ls578_sr__Green__yearly_0_mean__ppprev...
2023-07-01 20:21:39,236 - INFO - Finished imputing ls578_sr__Green__yearly_0_mean__ppprev.
2023-07-01 20:21:39,236 - INFO - Imputing ls578_sr__Green__yearly_0_mean__pppprev...
2023-07-01 20:21:39,263 - INFO - Finished imputing ls578_sr__Green__yearly_0_mean__pppprev.
2023-07-01 20:21:39,263 - INFO - Imputing ls578_sr__Green__yearly_0_mean__ppppprev...
2023-07-01 20:21:39,290 - INFO - Finished imputing ls578_sr__Green__yearly_0_mean__ppppprev.
2023-07-01 20:21:39,291 - INFO - Imputing ls578_sr__Red__yearly_0_mean__cur...
2023-07-01 20:21:39,318 - INFO - Finished imputing ls578_sr__Red__yearly_0_mean__cur.
2023-07-01 20:21:39,318 - INFO - Imputing ls578_sr__Red__yearly_0_mean__prev...
2023-07-01 20:21:39,345 - INFO - Finished imputing ls578_sr__Red__yearly_0_mean__prev.
2023-07-01 20:21:39,346 - INFO - Imputing ls578_sr__Red__yearly_0_mean__pprev...
2023-07-01 20:21:39,372 - INFO - Finished imputing ls578_sr__Red__yearly_0_mean__pprev.
2023-07-01 20:21:39,373 - INFO - Imputing ls578_sr__Red__yearly_0_mean__ppprev...
2023-07-01 20:21:39,400 - INFO - Finished imputing ls578_sr__Red__yearly_0_mean__ppprev.
2023-07-01 20:21:39,400 - INFO - Imputing ls578_sr__Red__yearly_0_mean__pppprev...
2023-07-01 20:21:39,427 - INFO - Finished imputing ls578_sr__Red__yearly_0_mean__pppprev.
2023-07-01 20:21:39,427 - INFO - Imputing ls578_sr__Red__yearly_0_mean__ppppprev...
2023-07-01 20:21:39,453 - INFO - Finished imputing ls578_sr__Red__yearly_0_mean__ppppprev.
2023-07-01 20:21:39,453 - INFO - Imputing ls578_sr__NIR__yearly_0_mean__cur...
2023-07-01 20:21:39,478 - INFO - Finished imputing ls578_sr__NIR__yearly_0_mean__cur.
2023-07-01 20:21:39,479 - INFO - Imputing ls578_sr__NIR__yearly_0_mean__prev...
2023-07-01 20:21:39,504 - INFO - Finished imputing ls578_sr__NIR__yearly_0_mean__prev.
2023-07-01 20:21:39,504 - INFO - Imputing ls578_sr__NIR__yearly_0_mean__pprev...
2023-07-01 20:21:39,529 - INFO - Finished imputing ls578_sr__NIR__yearly_0_mean__pprev.
2023-07-01 20:21:39,530 - INFO - Imputing ls578_sr__NIR__yearly_0_mean__ppprev...
2023-07-01 20:21:39,555 - INFO - Finished imputing ls578_sr__NIR__yearly_0_mean__ppprev.
2023-07-01 20:21:39,555 - INFO - Imputing ls578_sr__NIR__yearly_0_mean__pppprev...
2023-07-01 20:21:39,580 - INFO - Finished imputing ls578_sr__NIR__yearly_0_mean__pppprev.
2023-07-01 20:21:39,580 - INFO - Imputing ls578_sr__NIR__yearly_0_mean__ppppprev...
2023-07-01 20:21:39,604 - INFO - Finished imputing ls578_sr__NIR__yearly_0_mean__ppppprev.
2023-07-01 20:21:39,604 - INFO - Imputing ls578_sr__SWIR1__yearly_0_mean__cur...
2023-07-01 20:21:39,628 - INFO - Finished imputing ls578_sr__SWIR1__yearly_0_mean__cur.
2023-07-01 20:21:39,629 - INFO - Imputing ls578_sr__SWIR1__yearly_0_mean__prev...
2023-07-01 20:21:39,653 - INFO - Finished imputing ls578_sr__SWIR1__yearly_0_mean__prev.
2023-07-01 20:21:39,653 - INFO - Imputing ls578_sr__SWIR1__yearly_0_mean__pprev...
2023-07-01 20:21:39,677 - INFO - Finished imputing ls578_sr__SWIR1__yearly_0_mean__pprev.
2023-07-01 20:21:39,677 - INFO - Imputing ls578_sr__SWIR1__yearly_0_mean__ppprev...
2023-07-01 20:21:39,701 - INFO - Finished imputing ls578_sr__SWIR1__yearly_0_mean__ppprev.
2023-07-01 20:21:39,702 - INFO - Imputing ls578_sr__SWIR1__yearly_0_mean__pppprev...
2023-07-01 20:21:39,725 - INFO - Finished imputing ls578_sr__SWIR1__yearly_0_mean__pppprev.
2023-07-01 20:21:39,726 - INFO - Imputing ls578_sr__SWIR1__yearly_0_mean__ppppprev...
2023-07-01 20:21:39,749 - INFO - Finished imputing ls578_sr__SWIR1__yearly_0_mean__ppppprev.
2023-07-01 20:21:39,750 - INFO - Imputing ls578_sr__SWIR2__yearly_0_mean__cur...
2023-07-01 20:21:39,772 - INFO - Finished imputing ls578_sr__SWIR2__yearly_0_mean__cur.
2023-07-01 20:21:39,773 - INFO - Imputing ls578_sr__SWIR2__yearly_0_mean__prev...
2023-07-01 20:21:39,795 - INFO - Finished imputing ls578_sr__SWIR2__yearly_0_mean__prev.
2023-07-01 20:21:39,796 - INFO - Imputing ls578_sr__SWIR2__yearly_0_mean__pprev...
2023-07-01 20:21:39,818 - INFO - Finished imputing ls578_sr__SWIR2__yearly_0_mean__pprev.
2023-07-01 20:21:39,819 - INFO - Imputing ls578_sr__SWIR2__yearly_0_mean__ppprev...
2023-07-01 20:21:39,841 - INFO - Finished imputing ls578_sr__SWIR2__yearly_0_mean__ppprev.
2023-07-01 20:21:39,842 - INFO - Imputing ls578_sr__SWIR2__yearly_0_mean__pppprev...
2023-07-01 20:21:39,863 - INFO - Finished imputing ls578_sr__SWIR2__yearly_0_mean__pppprev.
2023-07-01 20:21:39,864 - INFO - Imputing ls578_sr__SWIR2__yearly_0_mean__ppppprev...
2023-07-01 20:21:39,885 - INFO - Finished imputing ls578_sr__SWIR2__yearly_0_mean__ppppprev.
2023-07-01 20:21:39,887 - INFO - Imputing climate_era5_land_monthly_averaged__temperature_2m__yearly_0_mean__cur...
2023-07-01 20:21:39,909 - INFO - Finished imputing climate_era5_land_monthly_averaged__temperature_2m__yearly_0_mean__cur.
2023-07-01 20:21:39,910 - INFO - Imputing climate_era5_land_monthly_averaged__temperature_2m__yearly_0_mean__prev...
2023-07-01 20:21:39,931 - INFO - Finished imputing climate_era5_land_monthly_averaged__temperature_2m__yearly_0_mean__prev.
2023-07-01 20:21:39,931 - INFO - Imputing climate_era5_land_monthly_averaged__temperature_2m__yearly_0_mean__pprev...
2023-07-01 20:21:39,952 - INFO - Finished imputing climate_era5_land_monthly_averaged__temperature_2m__yearly_0_mean__pprev.
2023-07-01 20:21:39,952 - INFO - Imputing climate_era5_land_monthly_averaged__temperature_2m__yearly_0_mean__ppprev...
2023-07-01 20:21:39,973 - INFO - Finished imputing climate_era5_land_monthly_averaged__temperature_2m__yearly_0_mean__ppprev.
2023-07-01 20:21:39,973 - INFO - Imputing climate_era5_land_monthly_averaged__temperature_2m__yearly_0_mean__pppprev...
2023-07-01 20:21:39,994 - INFO - Finished imputing climate_era5_land_monthly_averaged__temperature_2m__yearly_0_mean__pppprev.
2023-07-01 20:21:39,994 - INFO - Imputing climate_era5_land_monthly_averaged__temperature_2m__yearly_0_mean__ppppprev...
2023-07-01 20:21:40,015 - INFO - Finished imputing climate_era5_land_monthly_averaged__temperature_2m__yearly_0_mean__ppppprev.
2023-07-01 20:21:40,015 - INFO - Imputing climate_era5_land_monthly_averaged__skin_temperature__yearly_0_mean__cur...
2023-07-01 20:21:40,034 - INFO - Finished imputing climate_era5_land_monthly_averaged__skin_temperature__yearly_0_mean__cur.
2023-07-01 20:21:40,035 - INFO - Imputing climate_era5_land_monthly_averaged__skin_temperature__yearly_0_mean__prev...
2023-07-01 20:21:40,054 - INFO - Finished imputing climate_era5_land_monthly_averaged__skin_temperature__yearly_0_mean__prev.
2023-07-01 20:21:40,055 - INFO - Imputing climate_era5_land_monthly_averaged__skin_temperature__yearly_0_mean__pprev...
2023-07-01 20:21:40,074 - INFO - Finished imputing climate_era5_land_monthly_averaged__skin_temperature__yearly_0_mean__pprev.
2023-07-01 20:21:40,074 - INFO - Imputing climate_era5_land_monthly_averaged__skin_temperature__yearly_0_mean__ppprev...
2023-07-01 20:21:40,095 - INFO - Finished imputing climate_era5_land_monthly_averaged__skin_temperature__yearly_0_mean__ppprev.
2023-07-01 20:21:40,095 - INFO - Imputing climate_era5_land_monthly_averaged__skin_temperature__yearly_0_mean__pppprev...
2023-07-01 20:21:40,115 - INFO - Finished imputing climate_era5_land_monthly_averaged__skin_temperature__yearly_0_mean__pppprev.
2023-07-01 20:21:40,115 - INFO - Imputing climate_era5_land_monthly_averaged__skin_temperature__yearly_0_mean__ppppprev...
2023-07-01 20:21:40,135 - INFO - Finished imputing climate_era5_land_monthly_averaged__skin_temperature__yearly_0_mean__ppppprev.
2023-07-01 20:21:40,136 - INFO - Imputing climate_era5_land_monthly_averaged__soil_temperature_level_1__yearly_0_mean__cur...
2023-07-01 20:21:40,155 - INFO - Finished imputing climate_era5_land_monthly_averaged__soil_temperature_level_1__yearly_0_mean__cur.
2023-07-01 20:21:40,155 - INFO - Imputing climate_era5_land_monthly_averaged__soil_temperature_level_1__yearly_0_mean__prev...
2023-07-01 20:21:40,175 - INFO - Finished imputing climate_era5_land_monthly_averaged__soil_temperature_level_1__yearly_0_mean__prev.
2023-07-01 20:21:40,176 - INFO - Imputing climate_era5_land_monthly_averaged__soil_temperature_level_1__yearly_0_mean__pprev...
2023-07-01 20:21:40,194 - INFO - Finished imputing climate_era5_land_monthly_averaged__soil_temperature_level_1__yearly_0_mean__pprev.
2023-07-01 20:21:40,195 - INFO - Imputing climate_era5_land_monthly_averaged__soil_temperature_level_1__yearly_0_mean__ppprev...
2023-07-01 20:21:40,214 - INFO - Finished imputing climate_era5_land_monthly_averaged__soil_temperature_level_1__yearly_0_mean__ppprev.
2023-07-01 20:21:40,214 - INFO - Imputing climate_era5_land_monthly_averaged__soil_temperature_level_1__yearly_0_mean__pppprev...
2023-07-01 20:21:40,232 - INFO - Finished imputing climate_era5_land_monthly_averaged__soil_temperature_level_1__yearly_0_mean__pppprev.
2023-07-01 20:21:40,233 - INFO - Imputing climate_era5_land_monthly_averaged__soil_temperature_level_1__yearly_0_mean__ppppprev...
2023-07-01 20:21:40,242 - INFO - Finished imputing climate_era5_land_monthly_averaged__soil_temperature_level_1__yearly_0_mean__ppppprev.
2023-07-01 20:21:40,242 - INFO - Imputing climate_era5_land_monthly_averaged__soil_temperature_level_2__yearly_0_mean__cur...
2023-07-01 20:21:40,251 - INFO - Finished imputing climate_era5_land_monthly_averaged__soil_temperature_level_2__yearly_0_mean__cur.
2023-07-01 20:21:40,252 - INFO - Imputing climate_era5_land_monthly_averaged__soil_temperature_level_2__yearly_0_mean__prev...
2023-07-01 20:21:40,261 - INFO - Finished imputing climate_era5_land_monthly_averaged__soil_temperature_level_2__yearly_0_mean__prev.
2023-07-01 20:21:40,261 - INFO - Imputing climate_era5_land_monthly_averaged__soil_temperature_level_2__yearly_0_mean__pprev...
2023-07-01 20:21:40,270 - INFO - Finished imputing climate_era5_land_monthly_averaged__soil_temperature_level_2__yearly_0_mean__pprev.
2023-07-01 20:21:40,271 - INFO - Imputing climate_era5_land_monthly_averaged__soil_temperature_level_2__yearly_0_mean__ppprev...
2023-07-01 20:21:40,280 - INFO - Finished imputing climate_era5_land_monthly_averaged__soil_temperature_level_2__yearly_0_mean__ppprev.
2023-07-01 20:21:40,281 - INFO - Imputing climate_era5_land_monthly_averaged__soil_temperature_level_2__yearly_0_mean__pppprev...
2023-07-01 20:21:40,290 - INFO - Finished imputing climate_era5_land_monthly_averaged__soil_temperature_level_2__yearly_0_mean__pppprev.
2023-07-01 20:21:40,290 - INFO - Imputing climate_era5_land_monthly_averaged__soil_temperature_level_2__yearly_0_mean__ppppprev...
2023-07-01 20:21:40,299 - INFO - Finished imputing climate_era5_land_monthly_averaged__soil_temperature_level_2__yearly_0_mean__ppppprev.
2023-07-01 20:21:40,300 - INFO - Imputing climate_era5_land_monthly_averaged__soil_temperature_level_3__yearly_0_mean__cur...
2023-07-01 20:21:40,309 - INFO - Finished imputing climate_era5_land_monthly_averaged__soil_temperature_level_3__yearly_0_mean__cur.
2023-07-01 20:21:40,309 - INFO - Imputing climate_era5_land_monthly_averaged__soil_temperature_level_3__yearly_0_mean__prev...
2023-07-01 20:21:40,318 - INFO - Finished imputing climate_era5_land_monthly_averaged__soil_temperature_level_3__yearly_0_mean__prev.
2023-07-01 20:21:40,319 - INFO - Imputing climate_era5_land_monthly_averaged__soil_temperature_level_3__yearly_0_mean__pprev...
2023-07-01 20:21:40,327 - INFO - Finished imputing climate_era5_land_monthly_averaged__soil_temperature_level_3__yearly_0_mean__pprev.
2023-07-01 20:21:40,328 - INFO - Imputing climate_era5_land_monthly_averaged__soil_temperature_level_3__yearly_0_mean__ppprev...
2023-07-01 20:21:40,336 - INFO - Finished imputing climate_era5_land_monthly_averaged__soil_temperature_level_3__yearly_0_mean__ppprev.
2023-07-01 20:21:40,337 - INFO - Imputing climate_era5_land_monthly_averaged__soil_temperature_level_3__yearly_0_mean__pppprev...
2023-07-01 20:21:40,345 - INFO - Finished imputing climate_era5_land_monthly_averaged__soil_temperature_level_3__yearly_0_mean__pppprev.
2023-07-01 20:21:40,345 - INFO - Imputing climate_era5_land_monthly_averaged__soil_temperature_level_3__yearly_0_mean__ppppprev...
2023-07-01 20:21:40,354 - INFO - Finished imputing climate_era5_land_monthly_averaged__soil_temperature_level_3__yearly_0_mean__ppppprev.
2023-07-01 20:21:40,354 - INFO - Imputing climate_era5_land_monthly_averaged__volumetric_soil_water_layer_1__yearly_0_mean__cur...
2023-07-01 20:21:40,363 - INFO - Finished imputing climate_era5_land_monthly_averaged__volumetric_soil_water_layer_1__yearly_0_mean__cur.
2023-07-01 20:21:40,363 - INFO - Imputing climate_era5_land_monthly_averaged__volumetric_soil_water_layer_1__yearly_0_mean__prev...
2023-07-01 20:21:40,372 - INFO - Finished imputing climate_era5_land_monthly_averaged__volumetric_soil_water_layer_1__yearly_0_mean__prev.
2023-07-01 20:21:40,373 - INFO - Imputing climate_era5_land_monthly_averaged__volumetric_soil_water_layer_1__yearly_0_mean__pprev...
2023-07-01 20:21:40,381 - INFO - Finished imputing climate_era5_land_monthly_averaged__volumetric_soil_water_layer_1__yearly_0_mean__pprev.
2023-07-01 20:21:40,382 - INFO - Imputing climate_era5_land_monthly_averaged__volumetric_soil_water_layer_1__yearly_0_mean__ppprev...
2023-07-01 20:21:40,390 - INFO - Finished imputing climate_era5_land_monthly_averaged__volumetric_soil_water_layer_1__yearly_0_mean__ppprev.
2023-07-01 20:21:40,390 - INFO - Imputing climate_era5_land_monthly_averaged__volumetric_soil_water_layer_1__yearly_0_mean__pppprev...
2023-07-01 20:21:40,398 - INFO - Finished imputing climate_era5_land_monthly_averaged__volumetric_soil_water_layer_1__yearly_0_mean__pppprev.
2023-07-01 20:21:40,399 - INFO - Imputing climate_era5_land_monthly_averaged__volumetric_soil_water_layer_1__yearly_0_mean__ppppprev...
2023-07-01 20:21:40,407 - INFO - Finished imputing climate_era5_land_monthly_averaged__volumetric_soil_water_layer_1__yearly_0_mean__ppppprev.
2023-07-01 20:21:40,407 - INFO - Imputing climate_era5_land_monthly_averaged__volumetric_soil_water_layer_2__yearly_0_mean__cur...
2023-07-01 20:21:40,415 - INFO - Finished imputing climate_era5_land_monthly_averaged__volumetric_soil_water_layer_2__yearly_0_mean__cur.
2023-07-01 20:21:40,415 - INFO - Imputing climate_era5_land_monthly_averaged__volumetric_soil_water_layer_2__yearly_0_mean__prev...
2023-07-01 20:21:40,423 - INFO - Finished imputing climate_era5_land_monthly_averaged__volumetric_soil_water_layer_2__yearly_0_mean__prev.
2023-07-01 20:21:40,423 - INFO - Imputing climate_era5_land_monthly_averaged__volumetric_soil_water_layer_2__yearly_0_mean__pprev...
2023-07-01 20:21:40,430 - INFO - Finished imputing climate_era5_land_monthly_averaged__volumetric_soil_water_layer_2__yearly_0_mean__pprev.
2023-07-01 20:21:40,431 - INFO - Imputing climate_era5_land_monthly_averaged__volumetric_soil_water_layer_2__yearly_0_mean__ppprev...
2023-07-01 20:21:40,438 - INFO - Finished imputing climate_era5_land_monthly_averaged__volumetric_soil_water_layer_2__yearly_0_mean__ppprev.
2023-07-01 20:21:40,439 - INFO - Imputing climate_era5_land_monthly_averaged__volumetric_soil_water_layer_2__yearly_0_mean__pppprev...
2023-07-01 20:21:40,446 - INFO - Finished imputing climate_era5_land_monthly_averaged__volumetric_soil_water_layer_2__yearly_0_mean__pppprev.
2023-07-01 20:21:40,446 - INFO - Imputing climate_era5_land_monthly_averaged__volumetric_soil_water_layer_2__yearly_0_mean__ppppprev...
2023-07-01 20:21:40,453 - INFO - Finished imputing climate_era5_land_monthly_averaged__volumetric_soil_water_layer_2__yearly_0_mean__ppppprev.
2023-07-01 20:21:40,454 - INFO - Imputing climate_era5_land_monthly_averaged__volumetric_soil_water_layer_3__yearly_0_mean__cur...
2023-07-01 20:21:40,461 - INFO - Finished imputing climate_era5_land_monthly_averaged__volumetric_soil_water_layer_3__yearly_0_mean__cur.
2023-07-01 20:21:40,461 - INFO - Imputing climate_era5_land_monthly_averaged__volumetric_soil_water_layer_3__yearly_0_mean__prev...
2023-07-01 20:21:40,468 - INFO - Finished imputing climate_era5_land_monthly_averaged__volumetric_soil_water_layer_3__yearly_0_mean__prev.
2023-07-01 20:21:40,469 - INFO - Imputing climate_era5_land_monthly_averaged__volumetric_soil_water_layer_3__yearly_0_mean__pprev...
2023-07-01 20:21:40,476 - INFO - Finished imputing climate_era5_land_monthly_averaged__volumetric_soil_water_layer_3__yearly_0_mean__pprev.
2023-07-01 20:21:40,477 - INFO - Imputing climate_era5_land_monthly_averaged__volumetric_soil_water_layer_3__yearly_0_mean__ppprev...
2023-07-01 20:21:40,484 - INFO - Finished imputing climate_era5_land_monthly_averaged__volumetric_soil_water_layer_3__yearly_0_mean__ppprev.
2023-07-01 20:21:40,484 - INFO - Imputing climate_era5_land_monthly_averaged__volumetric_soil_water_layer_3__yearly_0_mean__pppprev...
2023-07-01 20:21:40,491 - INFO - Finished imputing climate_era5_land_monthly_averaged__volumetric_soil_water_layer_3__yearly_0_mean__pppprev.
2023-07-01 20:21:40,492 - INFO - Imputing climate_era5_land_monthly_averaged__volumetric_soil_water_layer_3__yearly_0_mean__ppppprev...
2023-07-01 20:21:40,499 - INFO - Finished imputing climate_era5_land_monthly_averaged__volumetric_soil_water_layer_3__yearly_0_mean__ppppprev.
2023-07-01 20:21:40,499 - INFO - Imputing climate_era5_land_monthly_averaged__total_precipitation__yearly_0_mean__cur...
2023-07-01 20:21:40,506 - INFO - Finished imputing climate_era5_land_monthly_averaged__total_precipitation__yearly_0_mean__cur.
2023-07-01 20:21:40,506 - INFO - Imputing climate_era5_land_monthly_averaged__total_precipitation__yearly_0_mean__prev...
2023-07-01 20:21:40,513 - INFO - Finished imputing climate_era5_land_monthly_averaged__total_precipitation__yearly_0_mean__prev.
2023-07-01 20:21:40,514 - INFO - Imputing climate_era5_land_monthly_averaged__total_precipitation__yearly_0_mean__pprev...
2023-07-01 20:21:40,520 - INFO - Finished imputing climate_era5_land_monthly_averaged__total_precipitation__yearly_0_mean__pprev.
2023-07-01 20:21:40,521 - INFO - Imputing climate_era5_land_monthly_averaged__total_precipitation__yearly_0_mean__ppprev...
2023-07-01 20:21:40,528 - INFO - Finished imputing climate_era5_land_monthly_averaged__total_precipitation__yearly_0_mean__ppprev.
2023-07-01 20:21:40,528 - INFO - Imputing climate_era5_land_monthly_averaged__total_precipitation__yearly_0_mean__pppprev...
2023-07-01 20:21:40,535 - INFO - Finished imputing climate_era5_land_monthly_averaged__total_precipitation__yearly_0_mean__pppprev.
2023-07-01 20:21:40,535 - INFO - Imputing climate_era5_land_monthly_averaged__total_precipitation__yearly_0_mean__ppppprev...
2023-07-01 20:21:40,542 - INFO - Finished imputing climate_era5_land_monthly_averaged__total_precipitation__yearly_0_mean__ppppprev.
2023-07-01 20:21:40,542 - INFO - Imputing modis_gpp_500__Gpp__yearly_0_mean__cur...
2023-07-01 20:21:40,548 - INFO - Finished imputing modis_gpp_500__Gpp__yearly_0_mean__cur.
2023-07-01 20:21:40,549 - INFO - Imputing modis_gpp_500__Gpp__yearly_0_mean__prev...
2023-07-01 20:21:40,555 - INFO - Finished imputing modis_gpp_500__Gpp__yearly_0_mean__prev.
2023-07-01 20:21:40,556 - INFO - Imputing modis_gpp_500__Gpp__yearly_0_mean__pprev...
2023-07-01 20:21:40,562 - INFO - Finished imputing modis_gpp_500__Gpp__yearly_0_mean__pprev.
2023-07-01 20:21:40,563 - INFO - Imputing modis_gpp_500__Gpp__yearly_0_mean__ppprev...
2023-07-01 20:21:40,569 - INFO - Finished imputing modis_gpp_500__Gpp__yearly_0_mean__ppprev.
2023-07-01 20:21:40,569 - INFO - Imputing modis_gpp_500__Gpp__yearly_0_mean__pppprev...
2023-07-01 20:21:40,575 - INFO - Finished imputing modis_gpp_500__Gpp__yearly_0_mean__pppprev.
2023-07-01 20:21:40,576 - INFO - Imputing modis_gpp_500__Gpp__yearly_0_mean__ppppprev...
2023-07-01 20:21:40,582 - INFO - Finished imputing modis_gpp_500__Gpp__yearly_0_mean__ppppprev.
2023-07-01 20:21:40,582 - INFO - Imputing modis_gpp_500__PsnNet__yearly_0_mean__cur...
2023-07-01 20:21:40,588 - INFO - Finished imputing modis_gpp_500__PsnNet__yearly_0_mean__cur.
2023-07-01 20:21:40,589 - INFO - Imputing modis_gpp_500__PsnNet__yearly_0_mean__prev...
2023-07-01 20:21:40,595 - INFO - Finished imputing modis_gpp_500__PsnNet__yearly_0_mean__prev.
2023-07-01 20:21:40,595 - INFO - Imputing modis_gpp_500__PsnNet__yearly_0_mean__pprev...
2023-07-01 20:21:40,601 - INFO - Finished imputing modis_gpp_500__PsnNet__yearly_0_mean__pprev.
2023-07-01 20:21:40,601 - INFO - Imputing modis_gpp_500__PsnNet__yearly_0_mean__ppprev...
2023-07-01 20:21:40,607 - INFO - Finished imputing modis_gpp_500__PsnNet__yearly_0_mean__ppprev.
2023-07-01 20:21:40,607 - INFO - Imputing modis_gpp_500__PsnNet__yearly_0_mean__pppprev...
2023-07-01 20:21:40,613 - INFO - Finished imputing modis_gpp_500__PsnNet__yearly_0_mean__pppprev.
2023-07-01 20:21:40,613 - INFO - Imputing modis_gpp_500__PsnNet__yearly_0_mean__ppppprev...
2023-07-01 20:21:40,618 - INFO - Finished imputing modis_gpp_500__PsnNet__yearly_0_mean__ppppprev.
2023-07-01 20:21:40,621 - INFO - Imputation complete.
2023-07-01 20:22:01,243 - INFO - Saved the imputed dataset to data/imputed/imputed_data.csv.gz.
2023-07-01 20:22:01,243 - INFO - Shape of the dataset: (62860, 173)
2023-07-01 20:22:01,243 - INFO - Finished script.

real	0m27.690s
user	0m26.346s
sys	0m2.645s
